{"$message_type":"diagnostic","message":"failed to resolve: could not find `Server` in `axum`","code":{"code":"E0433","explanation":"An undeclared crate, module, or type was used.\n\nErroneous code example:\n\n```compile_fail,E0433\nlet map = HashMap::new();\n// error: failed to resolve: use of undeclared type `HashMap`\n```\n\nPlease verify you didn't misspell the type/module's name or that you didn't\nforget to import it:\n\n```\nuse std::collections::HashMap; // HashMap has been imported.\nlet map: HashMap<u32, u32> = HashMap::new(); // So it can be used!\n```\n\nIf you've expected to use a crate name:\n\n```compile_fail\nuse ferris_wheel::BigO;\n// error: failed to resolve: use of undeclared module or unlinked crate\n```\n\nMake sure the crate has been added as a dependency in `Cargo.toml`.\n\nTo use a module from your current crate, add the `crate::` prefix to the path.\n"},"level":"error","spans":[{"file_name":"src/main.rs","byte_start":508,"byte_end":514,"line_start":22,"line_end":22,"column_start":11,"column_end":17,"is_primary":true,"text":[{"text":"    axum::Server::bind(&\"127.0.0.1:9933\".parse().unwrap())","highlight_start":11,"highlight_end":17}],"label":"could not find `Server` in `axum`","suggested_replacement":null,"suggestion_applicability":null,"expansion":null}],"children":[],"rendered":"\u001b[1m\u001b[91merror[E0433]\u001b[0m\u001b[1m: failed to resolve: could not find `Server` in `axum`\u001b[0m\n  \u001b[1m\u001b[94m--> \u001b[0msrc/main.rs:22:11\n   \u001b[1m\u001b[94m|\u001b[0m\n\u001b[1m\u001b[94m22\u001b[0m \u001b[1m\u001b[94m|\u001b[0m     axum::Server::bind(&\"127.0.0.1:9933\".parse().unwrap())\n   \u001b[1m\u001b[94m|\u001b[0m           \u001b[1m\u001b[91m^^^^^^\u001b[0m \u001b[1m\u001b[91mcould not find `Server` in `axum`\u001b[0m\n\n"}
{"$message_type":"diagnostic","message":"unused import: `uuid::Uuid`","code":{"code":"unused_imports","explanation":null},"level":"warning","spans":[{"file_name":"src/network.rs","byte_start":121,"byte_end":131,"line_start":4,"line_end":4,"column_start":5,"column_end":15,"is_primary":true,"text":[{"text":"use uuid::Uuid;","highlight_start":5,"highlight_end":15}],"label":null,"suggested_replacement":null,"suggestion_applicability":null,"expansion":null}],"children":[{"message":"`#[warn(unused_imports)]` (part of `#[warn(unused)]`) on by default","code":null,"level":"note","spans":[],"children":[],"rendered":null},{"message":"remove the whole `use` item","code":null,"level":"help","spans":[{"file_name":"src/network.rs","byte_start":117,"byte_end":133,"line_start":4,"line_end":5,"column_start":1,"column_end":1,"is_primary":true,"text":[{"text":"use uuid::Uuid;","highlight_start":1,"highlight_end":16},{"text":"","highlight_start":1,"highlight_end":1}],"label":null,"suggested_replacement":"","suggestion_applicability":"MachineApplicable","expansion":null}],"children":[],"rendered":null}],"rendered":"\u001b[1m\u001b[33mwarning\u001b[0m\u001b[1m: unused import: `uuid::Uuid`\u001b[0m\n \u001b[1m\u001b[94m--> \u001b[0msrc/network.rs:4:5\n  \u001b[1m\u001b[94m|\u001b[0m\n\u001b[1m\u001b[94m4\u001b[0m \u001b[1m\u001b[94m|\u001b[0m use uuid::Uuid;\n  \u001b[1m\u001b[94m|\u001b[0m     \u001b[1m\u001b[33m^^^^^^^^^^\u001b[0m\n  \u001b[1m\u001b[94m|\u001b[0m\n  \u001b[1m\u001b[94m= \u001b[0m\u001b[1mnote\u001b[0m: `#[warn(unused_imports)]` (part of `#[warn(unused)]`) on by default\n\n"}
{"$message_type":"diagnostic","message":"unused import: `uuid::Uuid`","code":{"code":"unused_imports","explanation":null},"level":"warning","spans":[{"file_name":"src/state.rs","byte_start":33,"byte_end":43,"line_start":2,"line_end":2,"column_start":5,"column_end":15,"is_primary":true,"text":[{"text":"use uuid::Uuid;","highlight_start":5,"highlight_end":15}],"label":null,"suggested_replacement":null,"suggestion_applicability":null,"expansion":null}],"children":[{"message":"remove the whole `use` item","code":null,"level":"help","spans":[{"file_name":"src/state.rs","byte_start":29,"byte_end":45,"line_start":2,"line_end":3,"column_start":1,"column_end":1,"is_primary":true,"text":[{"text":"use uuid::Uuid;","highlight_start":1,"highlight_end":16},{"text":"use crate::types::Job;","highlight_start":1,"highlight_end":1}],"label":null,"suggested_replacement":"","suggestion_applicability":"MachineApplicable","expansion":null}],"children":[],"rendered":null}],"rendered":"\u001b[1m\u001b[33mwarning\u001b[0m\u001b[1m: unused import: `uuid::Uuid`\u001b[0m\n \u001b[1m\u001b[94m--> \u001b[0msrc/state.rs:2:5\n  \u001b[1m\u001b[94m|\u001b[0m\n\u001b[1m\u001b[94m2\u001b[0m \u001b[1m\u001b[94m|\u001b[0m use uuid::Uuid;\n  \u001b[1m\u001b[94m|\u001b[0m     \u001b[1m\u001b[33m^^^^^^^^^^\u001b[0m\n\n"}
{"$message_type":"diagnostic","message":"no function or associated item named `generate` found for struct `SigningKey` in the current scope","code":{"code":"E0599","explanation":"This error occurs when a method is used on a type which doesn't implement it:\n\nErroneous code example:\n\n```compile_fail,E0599\nstruct Mouth;\n\nlet x = Mouth;\nx.chocolate(); // error: no method named `chocolate` found for type `Mouth`\n               //        in the current scope\n```\n\nIn this case, you need to implement the `chocolate` method to fix the error:\n\n```\nstruct Mouth;\n\nimpl Mouth {\n    fn chocolate(&self) { // We implement the `chocolate` method here.\n        println!(\"Hmmm! I love chocolate!\");\n    }\n}\n\nlet x = Mouth;\nx.chocolate(); // ok!\n```\n"},"level":"error","spans":[{"file_name":"src/crypto.rs","byte_start":264,"byte_end":272,"line_start":11,"line_end":11,"column_start":31,"column_end":39,"is_primary":true,"text":[{"text":"    let signing = SigningKey::generate(&mut OsRng);","highlight_start":31,"highlight_end":39}],"label":"function or associated item not found in `SigningKey`","suggested_replacement":null,"suggestion_applicability":null,"expansion":null}],"children":[{"message":"if you're trying to build a new `SigningKey` consider using one of the following associated functions:\nSigningKey::from_bytes\nSigningKey::from_keypair_bytes","code":null,"level":"note","spans":[{"file_name":"/home/svfotocopy/.cargo/registry/src/index.crates.io-1949cf8c6b5b557f/ed25519-dalek-2.2.0/src/signing.rs","byte_start":2855,"byte_end":2904,"line_start":104,"line_end":104,"column_start":5,"column_end":54,"is_primary":true,"text":[{"text":"    pub fn from_bytes(secret_key: &SecretKey) -> Self {","highlight_start":5,"highlight_end":54}],"label":null,"suggested_replacement":null,"suggestion_applicability":null,"expansion":null},{"file_name":"/home/svfotocopy/.cargo/registry/src/index.crates.io-1949cf8c6b5b557f/ed25519-dalek-2.2.0/src/signing.rs","byte_start":3969,"byte_end":4050,"line_start":138,"line_end":138,"column_start":5,"column_end":86,"is_primary":true,"text":[{"text":"    pub fn from_keypair_bytes(bytes: &[u8; 64]) -> Result<SigningKey, SignatureError> {","highlight_start":5,"highlight_end":86}],"label":null,"suggested_replacement":null,"suggestion_applicability":null,"expansion":null}],"children":[],"rendered":null}],"rendered":"\u001b[1m\u001b[91merror[E0599]\u001b[0m\u001b[1m: no function or associated item named `generate` found for struct `SigningKey` in the current scope\u001b[0m\n   \u001b[1m\u001b[94m--> \u001b[0msrc/crypto.rs:11:31\n    \u001b[1m\u001b[94m|\u001b[0m\n \u001b[1m\u001b[94m11\u001b[0m \u001b[1m\u001b[94m|\u001b[0m     let signing = SigningKey::generate(&mut OsRng);\n    \u001b[1m\u001b[94m|\u001b[0m                               \u001b[1m\u001b[91m^^^^^^^^\u001b[0m \u001b[1m\u001b[91mfunction or associated item not found in `SigningKey`\u001b[0m\n    \u001b[1m\u001b[94m|\u001b[0m\n\u001b[1m\u001b[92mnote\u001b[0m: if you're trying to build a new `SigningKey` consider using one of the following associated functions:\n      SigningKey::from_bytes\n      SigningKey::from_keypair_bytes\n   \u001b[1m\u001b[94m--> \u001b[0m/home/svfotocopy/.cargo/registry/src/index.crates.io-1949cf8c6b5b557f/ed25519-dalek-2.2.0/src/signing.rs:104:5\n    \u001b[1m\u001b[94m|\u001b[0m\n\u001b[1m\u001b[94m104\u001b[0m \u001b[1m\u001b[94m|\u001b[0m     pub fn from_bytes(secret_key: &SecretKey) -> Self {\n    \u001b[1m\u001b[94m|\u001b[0m     \u001b[1m\u001b[92m^^^^^^^^^^^^^^^^^^^^^^^^^^^^^^^^^^^^^^^^^^^^^^^^^\u001b[0m\n\u001b[1m\u001b[94m...\u001b[0m\n\u001b[1m\u001b[94m138\u001b[0m \u001b[1m\u001b[94m|\u001b[0m     pub fn from_keypair_bytes(bytes: &[u8; 64]) -> Result<SigningKey, SignatureError> {\n    \u001b[1m\u001b[94m|\u001b[0m     \u001b[1m\u001b[92m^^^^^^^^^^^^^^^^^^^^^^^^^^^^^^^^^^^^^^^^^^^^^^^^^^^^^^^^^^^^^^^^^^^^^^^^^^^^^^^^^\u001b[0m\n\n"}
{"$message_type":"diagnostic","message":"the `?` operator can only be used in a function that returns `Result` or `Option` (or another type that implements `FromResidual`)","code":{"code":"E0277","explanation":"You tried to use a type which doesn't implement some trait in a place which\nexpected that trait.\n\nErroneous code example:\n\n```compile_fail,E0277\n// here we declare the Foo trait with a bar method\ntrait Foo {\n    fn bar(&self);\n}\n\n// we now declare a function which takes an object implementing the Foo trait\nfn some_func<T: Foo>(foo: T) {\n    foo.bar();\n}\n\nfn main() {\n    // we now call the method with the i32 type, which doesn't implement\n    // the Foo trait\n    some_func(5i32); // error: the trait bound `i32 : Foo` is not satisfied\n}\n```\n\nIn order to fix this error, verify that the type you're using does implement\nthe trait. Example:\n\n```\ntrait Foo {\n    fn bar(&self);\n}\n\n// we implement the trait on the i32 type\nimpl Foo for i32 {\n    fn bar(&self) {}\n}\n\nfn some_func<T: Foo>(foo: T) {\n    foo.bar(); // we can now use this method since i32 implements the\n               // Foo trait\n}\n\nfn main() {\n    some_func(5i32); // ok!\n}\n```\n\nOr in a generic context, an erroneous code example would look like:\n\n```compile_fail,E0277\nfn some_func<T>(foo: T) {\n    println!(\"{:?}\", foo); // error: the trait `core::fmt::Debug` is not\n                           //        implemented for the type `T`\n}\n\nfn main() {\n    // We now call the method with the i32 type,\n    // which *does* implement the Debug trait.\n    some_func(5i32);\n}\n```\n\nNote that the error here is in the definition of the generic function. Although\nwe only call it with a parameter that does implement `Debug`, the compiler\nstill rejects the function. It must work with all possible input types. In\norder to make this example compile, we need to restrict the generic type we're\naccepting:\n\n```\nuse std::fmt;\n\n// Restrict the input type to types that implement Debug.\nfn some_func<T: fmt::Debug>(foo: T) {\n    println!(\"{:?}\", foo);\n}\n\nfn main() {\n    // Calling the method is still fine, as i32 implements Debug.\n    some_func(5i32);\n\n    // This would fail to compile now:\n    // struct WithoutDebug;\n    // some_func(WithoutDebug);\n}\n```\n\nRust only looks at the signature of the called function, as such it must\nalready specify all requirements that will be used for every type parameter.\n"},"level":"error","spans":[{"file_name":"src/crypto.rs","byte_start":604,"byte_end":605,"line_start":22,"line_end":22,"column_start":44,"column_end":45,"is_primary":true,"text":[{"text":"    let pk_bytes = hex::decode(pk_hex).ok()?;","highlight_start":44,"highlight_end":45}],"label":"cannot use the `?` operator in a function that returns `bool`","suggested_replacement":null,"suggestion_applicability":null,"expansion":{"span":{"file_name":"src/crypto.rs","byte_start":604,"byte_end":605,"line_start":22,"line_end":22,"column_start":44,"column_end":45,"is_primary":false,"text":[{"text":"    let pk_bytes = hex::decode(pk_hex).ok()?;","highlight_start":44,"highlight_end":45}],"label":null,"suggested_replacement":null,"suggestion_applicability":null,"expansion":null},"macro_decl_name":"desugaring of operator `?`","def_site_span":{"file_name":"src/main.rs","byte_start":0,"byte_end":0,"line_start":1,"line_end":1,"column_start":1,"column_end":1,"is_primary":false,"text":[],"label":null,"suggested_replacement":null,"suggestion_applicability":null,"expansion":null}}},{"file_name":"src/crypto.rs","byte_start":496,"byte_end":558,"line_start":21,"line_end":21,"column_start":1,"column_end":63,"is_primary":false,"text":[{"text":"pub fn verify(pk_hex: &str, msg: &[u8], sig_hex: &str) -> bool {","highlight_start":1,"highlight_end":63}],"label":"this function should return `Result` or `Option` to accept `?`","suggested_replacement":null,"suggestion_applicability":null,"expansion":null}],"children":[],"rendered":"\u001b[1m\u001b[91merror[E0277]\u001b[0m\u001b[1m: the `?` operator can only be used in a function that returns `Result` or `Option` (or another type that implements `FromResidual`)\u001b[0m\n  \u001b[1m\u001b[94m--> \u001b[0msrc/crypto.rs:22:44\n   \u001b[1m\u001b[94m|\u001b[0m\n\u001b[1m\u001b[94m21\u001b[0m \u001b[1m\u001b[94m|\u001b[0m pub fn verify(pk_hex: &str, msg: &[u8], sig_hex: &str) -> bool {\n   \u001b[1m\u001b[94m|\u001b[0m \u001b[1m\u001b[94m--------------------------------------------------------------\u001b[0m \u001b[1m\u001b[94mthis function should return `Result` or `Option` to accept `?`\u001b[0m\n\u001b[1m\u001b[94m22\u001b[0m \u001b[1m\u001b[94m|\u001b[0m     let pk_bytes = hex::decode(pk_hex).ok()?;\n   \u001b[1m\u001b[94m|\u001b[0m                                            \u001b[1m\u001b[91m^\u001b[0m \u001b[1m\u001b[91mcannot use the `?` operator in a function that returns `bool`\u001b[0m\n\n"}
{"$message_type":"diagnostic","message":"the `?` operator can only be used in a function that returns `Result` or `Option` (or another type that implements `FromResidual`)","code":{"code":"E0277","explanation":"You tried to use a type which doesn't implement some trait in a place which\nexpected that trait.\n\nErroneous code example:\n\n```compile_fail,E0277\n// here we declare the Foo trait with a bar method\ntrait Foo {\n    fn bar(&self);\n}\n\n// we now declare a function which takes an object implementing the Foo trait\nfn some_func<T: Foo>(foo: T) {\n    foo.bar();\n}\n\nfn main() {\n    // we now call the method with the i32 type, which doesn't implement\n    // the Foo trait\n    some_func(5i32); // error: the trait bound `i32 : Foo` is not satisfied\n}\n```\n\nIn order to fix this error, verify that the type you're using does implement\nthe trait. Example:\n\n```\ntrait Foo {\n    fn bar(&self);\n}\n\n// we implement the trait on the i32 type\nimpl Foo for i32 {\n    fn bar(&self) {}\n}\n\nfn some_func<T: Foo>(foo: T) {\n    foo.bar(); // we can now use this method since i32 implements the\n               // Foo trait\n}\n\nfn main() {\n    some_func(5i32); // ok!\n}\n```\n\nOr in a generic context, an erroneous code example would look like:\n\n```compile_fail,E0277\nfn some_func<T>(foo: T) {\n    println!(\"{:?}\", foo); // error: the trait `core::fmt::Debug` is not\n                           //        implemented for the type `T`\n}\n\nfn main() {\n    // We now call the method with the i32 type,\n    // which *does* implement the Debug trait.\n    some_func(5i32);\n}\n```\n\nNote that the error here is in the definition of the generic function. Although\nwe only call it with a parameter that does implement `Debug`, the compiler\nstill rejects the function. It must work with all possible input types. In\norder to make this example compile, we need to restrict the generic type we're\naccepting:\n\n```\nuse std::fmt;\n\n// Restrict the input type to types that implement Debug.\nfn some_func<T: fmt::Debug>(foo: T) {\n    println!(\"{:?}\", foo);\n}\n\nfn main() {\n    // Calling the method is still fine, as i32 implements Debug.\n    some_func(5i32);\n\n    // This would fail to compile now:\n    // struct WithoutDebug;\n    // some_func(WithoutDebug);\n}\n```\n\nRust only looks at the signature of the called function, as such it must\nalready specify all requirements that will be used for every type parameter.\n"},"level":"error","spans":[{"file_name":"src/crypto.rs","byte_start":652,"byte_end":653,"line_start":23,"line_end":23,"column_start":46,"column_end":47,"is_primary":true,"text":[{"text":"    let sig_bytes = hex::decode(sig_hex).ok()?;","highlight_start":46,"highlight_end":47}],"label":"cannot use the `?` operator in a function that returns `bool`","suggested_replacement":null,"suggestion_applicability":null,"expansion":{"span":{"file_name":"src/crypto.rs","byte_start":652,"byte_end":653,"line_start":23,"line_end":23,"column_start":46,"column_end":47,"is_primary":false,"text":[{"text":"    let sig_bytes = hex::decode(sig_hex).ok()?;","highlight_start":46,"highlight_end":47}],"label":null,"suggested_replacement":null,"suggestion_applicability":null,"expansion":null},"macro_decl_name":"desugaring of operator `?`","def_site_span":{"file_name":"src/main.rs","byte_start":0,"byte_end":0,"line_start":1,"line_end":1,"column_start":1,"column_end":1,"is_primary":false,"text":[],"label":null,"suggested_replacement":null,"suggestion_applicability":null,"expansion":null}}},{"file_name":"src/crypto.rs","byte_start":496,"byte_end":558,"line_start":21,"line_end":21,"column_start":1,"column_end":63,"is_primary":false,"text":[{"text":"pub fn verify(pk_hex: &str, msg: &[u8], sig_hex: &str) -> bool {","highlight_start":1,"highlight_end":63}],"label":"this function should return `Result` or `Option` to accept `?`","suggested_replacement":null,"suggestion_applicability":null,"expansion":null}],"children":[],"rendered":"\u001b[1m\u001b[91merror[E0277]\u001b[0m\u001b[1m: the `?` operator can only be used in a function that returns `Result` or `Option` (or another type that implements `FromResidual`)\u001b[0m\n  \u001b[1m\u001b[94m--> \u001b[0msrc/crypto.rs:23:46\n   \u001b[1m\u001b[94m|\u001b[0m\n\u001b[1m\u001b[94m21\u001b[0m \u001b[1m\u001b[94m|\u001b[0m pub fn verify(pk_hex: &str, msg: &[u8], sig_hex: &str) -> bool {\n   \u001b[1m\u001b[94m|\u001b[0m \u001b[1m\u001b[94m--------------------------------------------------------------\u001b[0m \u001b[1m\u001b[94mthis function should return `Result` or `Option` to accept `?`\u001b[0m\n\u001b[1m\u001b[94m22\u001b[0m \u001b[1m\u001b[94m|\u001b[0m     let pk_bytes = hex::decode(pk_hex).ok()?;\n\u001b[1m\u001b[94m23\u001b[0m \u001b[1m\u001b[94m|\u001b[0m     let sig_bytes = hex::decode(sig_hex).ok()?;\n   \u001b[1m\u001b[94m|\u001b[0m                                              \u001b[1m\u001b[91m^\u001b[0m \u001b[1m\u001b[91mcannot use the `?` operator in a function that returns `bool`\u001b[0m\n\n"}
{"$message_type":"diagnostic","message":"the `?` operator can only be used in a function that returns `Result` or `Option` (or another type that implements `FromResidual`)","code":{"code":"E0277","explanation":"You tried to use a type which doesn't implement some trait in a place which\nexpected that trait.\n\nErroneous code example:\n\n```compile_fail,E0277\n// here we declare the Foo trait with a bar method\ntrait Foo {\n    fn bar(&self);\n}\n\n// we now declare a function which takes an object implementing the Foo trait\nfn some_func<T: Foo>(foo: T) {\n    foo.bar();\n}\n\nfn main() {\n    // we now call the method with the i32 type, which doesn't implement\n    // the Foo trait\n    some_func(5i32); // error: the trait bound `i32 : Foo` is not satisfied\n}\n```\n\nIn order to fix this error, verify that the type you're using does implement\nthe trait. Example:\n\n```\ntrait Foo {\n    fn bar(&self);\n}\n\n// we implement the trait on the i32 type\nimpl Foo for i32 {\n    fn bar(&self) {}\n}\n\nfn some_func<T: Foo>(foo: T) {\n    foo.bar(); // we can now use this method since i32 implements the\n               // Foo trait\n}\n\nfn main() {\n    some_func(5i32); // ok!\n}\n```\n\nOr in a generic context, an erroneous code example would look like:\n\n```compile_fail,E0277\nfn some_func<T>(foo: T) {\n    println!(\"{:?}\", foo); // error: the trait `core::fmt::Debug` is not\n                           //        implemented for the type `T`\n}\n\nfn main() {\n    // We now call the method with the i32 type,\n    // which *does* implement the Debug trait.\n    some_func(5i32);\n}\n```\n\nNote that the error here is in the definition of the generic function. Although\nwe only call it with a parameter that does implement `Debug`, the compiler\nstill rejects the function. It must work with all possible input types. In\norder to make this example compile, we need to restrict the generic type we're\naccepting:\n\n```\nuse std::fmt;\n\n// Restrict the input type to types that implement Debug.\nfn some_func<T: fmt::Debug>(foo: T) {\n    println!(\"{:?}\", foo);\n}\n\nfn main() {\n    // Calling the method is still fine, as i32 implements Debug.\n    some_func(5i32);\n\n    // This would fail to compile now:\n    // struct WithoutDebug;\n    // some_func(WithoutDebug);\n}\n```\n\nRust only looks at the signature of the called function, as such it must\nalready specify all requirements that will be used for every type parameter.\n"},"level":"error","spans":[{"file_name":"src/crypto.rs","byte_start":719,"byte_end":720,"line_start":25,"line_end":25,"column_start":64,"column_end":65,"is_primary":true,"text":[{"text":"    let pk = VerifyingKey::from_bytes(&pk_bytes.try_into().ok()?).ok()?;","highlight_start":64,"highlight_end":65}],"label":"cannot use the `?` operator in a function that returns `bool`","suggested_replacement":null,"suggestion_applicability":null,"expansion":{"span":{"file_name":"src/crypto.rs","byte_start":719,"byte_end":720,"line_start":25,"line_end":25,"column_start":64,"column_end":65,"is_primary":false,"text":[{"text":"    let pk = VerifyingKey::from_bytes(&pk_bytes.try_into().ok()?).ok()?;","highlight_start":64,"highlight_end":65}],"label":null,"suggested_replacement":null,"suggestion_applicability":null,"expansion":null},"macro_decl_name":"desugaring of operator `?`","def_site_span":{"file_name":"src/main.rs","byte_start":0,"byte_end":0,"line_start":1,"line_end":1,"column_start":1,"column_end":1,"is_primary":false,"text":[],"label":null,"suggested_replacement":null,"suggestion_applicability":null,"expansion":null}}},{"file_name":"src/crypto.rs","byte_start":496,"byte_end":558,"line_start":21,"line_end":21,"column_start":1,"column_end":63,"is_primary":false,"text":[{"text":"pub fn verify(pk_hex: &str, msg: &[u8], sig_hex: &str) -> bool {","highlight_start":1,"highlight_end":63}],"label":"this function should return `Result` or `Option` to accept `?`","suggested_replacement":null,"suggestion_applicability":null,"expansion":null}],"children":[],"rendered":"\u001b[1m\u001b[91merror[E0277]\u001b[0m\u001b[1m: the `?` operator can only be used in a function that returns `Result` or `Option` (or another type that implements `FromResidual`)\u001b[0m\n  \u001b[1m\u001b[94m--> \u001b[0msrc/crypto.rs:25:64\n   \u001b[1m\u001b[94m|\u001b[0m\n\u001b[1m\u001b[94m21\u001b[0m \u001b[1m\u001b[94m|\u001b[0m pub fn verify(pk_hex: &str, msg: &[u8], sig_hex: &str) -> bool {\n   \u001b[1m\u001b[94m|\u001b[0m \u001b[1m\u001b[94m--------------------------------------------------------------\u001b[0m \u001b[1m\u001b[94mthis function should return `Result` or `Option` to accept `?`\u001b[0m\n\u001b[1m\u001b[94m...\u001b[0m\n\u001b[1m\u001b[94m25\u001b[0m \u001b[1m\u001b[94m|\u001b[0m     let pk = VerifyingKey::from_bytes(&pk_bytes.try_into().ok()?).ok()?;\n   \u001b[1m\u001b[94m|\u001b[0m                                                                \u001b[1m\u001b[91m^\u001b[0m \u001b[1m\u001b[91mcannot use the `?` operator in a function that returns `bool`\u001b[0m\n\n"}
{"$message_type":"diagnostic","message":"the `?` operator can only be used in a function that returns `Result` or `Option` (or another type that implements `FromResidual`)","code":{"code":"E0277","explanation":"You tried to use a type which doesn't implement some trait in a place which\nexpected that trait.\n\nErroneous code example:\n\n```compile_fail,E0277\n// here we declare the Foo trait with a bar method\ntrait Foo {\n    fn bar(&self);\n}\n\n// we now declare a function which takes an object implementing the Foo trait\nfn some_func<T: Foo>(foo: T) {\n    foo.bar();\n}\n\nfn main() {\n    // we now call the method with the i32 type, which doesn't implement\n    // the Foo trait\n    some_func(5i32); // error: the trait bound `i32 : Foo` is not satisfied\n}\n```\n\nIn order to fix this error, verify that the type you're using does implement\nthe trait. Example:\n\n```\ntrait Foo {\n    fn bar(&self);\n}\n\n// we implement the trait on the i32 type\nimpl Foo for i32 {\n    fn bar(&self) {}\n}\n\nfn some_func<T: Foo>(foo: T) {\n    foo.bar(); // we can now use this method since i32 implements the\n               // Foo trait\n}\n\nfn main() {\n    some_func(5i32); // ok!\n}\n```\n\nOr in a generic context, an erroneous code example would look like:\n\n```compile_fail,E0277\nfn some_func<T>(foo: T) {\n    println!(\"{:?}\", foo); // error: the trait `core::fmt::Debug` is not\n                           //        implemented for the type `T`\n}\n\nfn main() {\n    // We now call the method with the i32 type,\n    // which *does* implement the Debug trait.\n    some_func(5i32);\n}\n```\n\nNote that the error here is in the definition of the generic function. Although\nwe only call it with a parameter that does implement `Debug`, the compiler\nstill rejects the function. It must work with all possible input types. In\norder to make this example compile, we need to restrict the generic type we're\naccepting:\n\n```\nuse std::fmt;\n\n// Restrict the input type to types that implement Debug.\nfn some_func<T: fmt::Debug>(foo: T) {\n    println!(\"{:?}\", foo);\n}\n\nfn main() {\n    // Calling the method is still fine, as i32 implements Debug.\n    some_func(5i32);\n\n    // This would fail to compile now:\n    // struct WithoutDebug;\n    // some_func(WithoutDebug);\n}\n```\n\nRust only looks at the signature of the called function, as such it must\nalready specify all requirements that will be used for every type parameter.\n"},"level":"error","spans":[{"file_name":"src/crypto.rs","byte_start":726,"byte_end":727,"line_start":25,"line_end":25,"column_start":71,"column_end":72,"is_primary":true,"text":[{"text":"    let pk = VerifyingKey::from_bytes(&pk_bytes.try_into().ok()?).ok()?;","highlight_start":71,"highlight_end":72}],"label":"cannot use the `?` operator in a function that returns `bool`","suggested_replacement":null,"suggestion_applicability":null,"expansion":{"span":{"file_name":"src/crypto.rs","byte_start":726,"byte_end":727,"line_start":25,"line_end":25,"column_start":71,"column_end":72,"is_primary":false,"text":[{"text":"    let pk = VerifyingKey::from_bytes(&pk_bytes.try_into().ok()?).ok()?;","highlight_start":71,"highlight_end":72}],"label":null,"suggested_replacement":null,"suggestion_applicability":null,"expansion":null},"macro_decl_name":"desugaring of operator `?`","def_site_span":{"file_name":"src/main.rs","byte_start":0,"byte_end":0,"line_start":1,"line_end":1,"column_start":1,"column_end":1,"is_primary":false,"text":[],"label":null,"suggested_replacement":null,"suggestion_applicability":null,"expansion":null}}},{"file_name":"src/crypto.rs","byte_start":496,"byte_end":558,"line_start":21,"line_end":21,"column_start":1,"column_end":63,"is_primary":false,"text":[{"text":"pub fn verify(pk_hex: &str, msg: &[u8], sig_hex: &str) -> bool {","highlight_start":1,"highlight_end":63}],"label":"this function should return `Result` or `Option` to accept `?`","suggested_replacement":null,"suggestion_applicability":null,"expansion":null}],"children":[],"rendered":"\u001b[1m\u001b[91merror[E0277]\u001b[0m\u001b[1m: the `?` operator can only be used in a function that returns `Result` or `Option` (or another type that implements `FromResidual`)\u001b[0m\n  \u001b[1m\u001b[94m--> \u001b[0msrc/crypto.rs:25:71\n   \u001b[1m\u001b[94m|\u001b[0m\n\u001b[1m\u001b[94m21\u001b[0m \u001b[1m\u001b[94m|\u001b[0m pub fn verify(pk_hex: &str, msg: &[u8], sig_hex: &str) -> bool {\n   \u001b[1m\u001b[94m|\u001b[0m \u001b[1m\u001b[94m--------------------------------------------------------------\u001b[0m \u001b[1m\u001b[94mthis function should return `Result` or `Option` to accept `?`\u001b[0m\n\u001b[1m\u001b[94m...\u001b[0m\n\u001b[1m\u001b[94m25\u001b[0m \u001b[1m\u001b[94m|\u001b[0m     let pk = VerifyingKey::from_bytes(&pk_bytes.try_into().ok()?).ok()?;\n   \u001b[1m\u001b[94m|\u001b[0m                                                                       \u001b[1m\u001b[91m^\u001b[0m \u001b[1m\u001b[91mcannot use the `?` operator in a function that returns `bool`\u001b[0m\n\n"}
{"$message_type":"diagnostic","message":"the `?` operator can only be used in a function that returns `Result` or `Option` (or another type that implements `FromResidual`)","code":{"code":"E0277","explanation":"You tried to use a type which doesn't implement some trait in a place which\nexpected that trait.\n\nErroneous code example:\n\n```compile_fail,E0277\n// here we declare the Foo trait with a bar method\ntrait Foo {\n    fn bar(&self);\n}\n\n// we now declare a function which takes an object implementing the Foo trait\nfn some_func<T: Foo>(foo: T) {\n    foo.bar();\n}\n\nfn main() {\n    // we now call the method with the i32 type, which doesn't implement\n    // the Foo trait\n    some_func(5i32); // error: the trait bound `i32 : Foo` is not satisfied\n}\n```\n\nIn order to fix this error, verify that the type you're using does implement\nthe trait. Example:\n\n```\ntrait Foo {\n    fn bar(&self);\n}\n\n// we implement the trait on the i32 type\nimpl Foo for i32 {\n    fn bar(&self) {}\n}\n\nfn some_func<T: Foo>(foo: T) {\n    foo.bar(); // we can now use this method since i32 implements the\n               // Foo trait\n}\n\nfn main() {\n    some_func(5i32); // ok!\n}\n```\n\nOr in a generic context, an erroneous code example would look like:\n\n```compile_fail,E0277\nfn some_func<T>(foo: T) {\n    println!(\"{:?}\", foo); // error: the trait `core::fmt::Debug` is not\n                           //        implemented for the type `T`\n}\n\nfn main() {\n    // We now call the method with the i32 type,\n    // which *does* implement the Debug trait.\n    some_func(5i32);\n}\n```\n\nNote that the error here is in the definition of the generic function. Although\nwe only call it with a parameter that does implement `Debug`, the compiler\nstill rejects the function. It must work with all possible input types. In\norder to make this example compile, we need to restrict the generic type we're\naccepting:\n\n```\nuse std::fmt;\n\n// Restrict the input type to types that implement Debug.\nfn some_func<T: fmt::Debug>(foo: T) {\n    println!(\"{:?}\", foo);\n}\n\nfn main() {\n    // Calling the method is still fine, as i32 implements Debug.\n    some_func(5i32);\n\n    // This would fail to compile now:\n    // struct WithoutDebug;\n    // some_func(WithoutDebug);\n}\n```\n\nRust only looks at the signature of the called function, as such it must\nalready specify all requirements that will be used for every type parameter.\n"},"level":"error","spans":[{"file_name":"src/crypto.rs","byte_start":791,"byte_end":792,"line_start":26,"line_end":26,"column_start":63,"column_end":64,"is_primary":true,"text":[{"text":"    let sig = Signature::from_bytes(&sig_bytes.try_into().ok()?);","highlight_start":63,"highlight_end":64}],"label":"cannot use the `?` operator in a function that returns `bool`","suggested_replacement":null,"suggestion_applicability":null,"expansion":{"span":{"file_name":"src/crypto.rs","byte_start":791,"byte_end":792,"line_start":26,"line_end":26,"column_start":63,"column_end":64,"is_primary":false,"text":[{"text":"    let sig = Signature::from_bytes(&sig_bytes.try_into().ok()?);","highlight_start":63,"highlight_end":64}],"label":null,"suggested_replacement":null,"suggestion_applicability":null,"expansion":null},"macro_decl_name":"desugaring of operator `?`","def_site_span":{"file_name":"src/main.rs","byte_start":0,"byte_end":0,"line_start":1,"line_end":1,"column_start":1,"column_end":1,"is_primary":false,"text":[],"label":null,"suggested_replacement":null,"suggestion_applicability":null,"expansion":null}}},{"file_name":"src/crypto.rs","byte_start":496,"byte_end":558,"line_start":21,"line_end":21,"column_start":1,"column_end":63,"is_primary":false,"text":[{"text":"pub fn verify(pk_hex: &str, msg: &[u8], sig_hex: &str) -> bool {","highlight_start":1,"highlight_end":63}],"label":"this function should return `Result` or `Option` to accept `?`","suggested_replacement":null,"suggestion_applicability":null,"expansion":null}],"children":[],"rendered":"\u001b[1m\u001b[91merror[E0277]\u001b[0m\u001b[1m: the `?` operator can only be used in a function that returns `Result` or `Option` (or another type that implements `FromResidual`)\u001b[0m\n  \u001b[1m\u001b[94m--> \u001b[0msrc/crypto.rs:26:63\n   \u001b[1m\u001b[94m|\u001b[0m\n\u001b[1m\u001b[94m21\u001b[0m \u001b[1m\u001b[94m|\u001b[0m pub fn verify(pk_hex: &str, msg: &[u8], sig_hex: &str) -> bool {\n   \u001b[1m\u001b[94m|\u001b[0m \u001b[1m\u001b[94m--------------------------------------------------------------\u001b[0m \u001b[1m\u001b[94mthis function should return `Result` or `Option` to accept `?`\u001b[0m\n\u001b[1m\u001b[94m...\u001b[0m\n\u001b[1m\u001b[94m26\u001b[0m \u001b[1m\u001b[94m|\u001b[0m     let sig = Signature::from_bytes(&sig_bytes.try_into().ok()?);\n   \u001b[1m\u001b[94m|\u001b[0m                                                               \u001b[1m\u001b[91m^\u001b[0m \u001b[1m\u001b[91mcannot use the `?` operator in a function that returns `bool`\u001b[0m\n\n"}
{"$message_type":"diagnostic","message":"type annotations needed","code":{"code":"E0282","explanation":"The compiler could not infer a type and asked for a type annotation.\n\nErroneous code example:\n\n```compile_fail,E0282\nlet x = Vec::new();\n```\n\nThis error indicates that type inference did not result in one unique possible\ntype, and extra information is required. In most cases this can be provided\nby adding a type annotation. Sometimes you need to specify a generic type\nparameter manually.\n\nIn the example above, type `Vec` has a type parameter `T`. When calling\n`Vec::new`, barring any other later usage of the variable `x` that allows the\ncompiler to infer what type `T` is, the compiler needs to be told what it is.\n\nThe type can be specified on the variable:\n\n```\nlet x: Vec<i32> = Vec::new();\n```\n\nThe type can also be specified in the path of the expression:\n\n```\nlet x = Vec::<i32>::new();\n```\n\nIn cases with more complex types, it is not necessary to annotate the full\ntype. Once the ambiguity is resolved, the compiler can infer the rest:\n\n```\nlet x: Vec<_> = \"hello\".chars().rev().collect();\n```\n\nAnother way to provide the compiler with enough information, is to specify the\ngeneric type parameter:\n\n```\nlet x = \"hello\".chars().rev().collect::<Vec<char>>();\n```\n\nAgain, you need not specify the full type if the compiler can infer it:\n\n```\nlet x = \"hello\".chars().rev().collect::<Vec<_>>();\n```\n\nApart from a method or function with a generic type parameter, this error can\noccur when a type parameter of a struct or trait cannot be inferred. In that\ncase it is not always possible to use a type annotation, because all candidates\nhave the same return type. For instance:\n\n```compile_fail,E0282\nstruct Foo<T> {\n    num: T,\n}\n\nimpl<T> Foo<T> {\n    fn bar() -> i32 {\n        0\n    }\n\n    fn baz() {\n        let number = Foo::bar();\n    }\n}\n```\n\nThis will fail because the compiler does not know which instance of `Foo` to\ncall `bar` on. Change `Foo::bar()` to `Foo::<T>::bar()` to resolve the error.\n"},"level":"error","spans":[{"file_name":"src/main.rs","byte_start":502,"byte_end":611,"line_start":22,"line_end":24,"column_start":5,"column_end":15,"is_primary":true,"text":[{"text":"    axum::Server::bind(&\"127.0.0.1:9933\".parse().unwrap())","highlight_start":5,"highlight_end":59},{"text":"        .serve(app.into_make_service())","highlight_start":1,"highlight_end":40},{"text":"        .await","highlight_start":1,"highlight_end":15}],"label":"cannot infer type","suggested_replacement":null,"suggestion_applicability":null,"expansion":null}],"children":[],"rendered":"\u001b[1m\u001b[91merror[E0282]\u001b[0m\u001b[1m: type annotations needed\u001b[0m\n  \u001b[1m\u001b[94m--> \u001b[0msrc/main.rs:22:5\n   \u001b[1m\u001b[94m|\u001b[0m\n\u001b[1m\u001b[94m22\u001b[0m \u001b[1m\u001b[94m|\u001b[0m \u001b[1m\u001b[91m/\u001b[0m     axum::Server::bind(&\"127.0.0.1:9933\".parse().unwrap())\n\u001b[1m\u001b[94m23\u001b[0m \u001b[1m\u001b[94m|\u001b[0m \u001b[1m\u001b[91m|\u001b[0m         .serve(app.into_make_service())\n\u001b[1m\u001b[94m24\u001b[0m \u001b[1m\u001b[94m|\u001b[0m \u001b[1m\u001b[91m|\u001b[0m         .await\n   \u001b[1m\u001b[94m|\u001b[0m \u001b[1m\u001b[91m|______________^\u001b[0m \u001b[1m\u001b[91mcannot infer type\u001b[0m\n\n"}
{"$message_type":"diagnostic","message":"unused variable: `payload_bytes`","code":{"code":"unused_variables","explanation":null},"level":"warning","spans":[{"file_name":"src/network.rs","byte_start":270,"byte_end":283,"line_start":10,"line_end":10,"column_start":9,"column_end":22,"is_primary":true,"text":[{"text":"    let payload_bytes = envelope.payload.to_string().as_bytes().to_vec();","highlight_start":9,"highlight_end":22}],"label":null,"suggested_replacement":null,"suggestion_applicability":null,"expansion":null}],"children":[{"message":"`#[warn(unused_variables)]` (part of `#[warn(unused)]`) on by default","code":null,"level":"note","spans":[],"children":[],"rendered":null},{"message":"if this is intentional, prefix it with an underscore","code":null,"level":"help","spans":[{"file_name":"src/network.rs","byte_start":270,"byte_end":283,"line_start":10,"line_end":10,"column_start":9,"column_end":22,"is_primary":true,"text":[{"text":"    let payload_bytes = envelope.payload.to_string().as_bytes().to_vec();","highlight_start":9,"highlight_end":22}],"label":null,"suggested_replacement":"_payload_bytes","suggestion_applicability":"MachineApplicable","expansion":null}],"children":[],"rendered":null}],"rendered":"\u001b[1m\u001b[33mwarning\u001b[0m\u001b[1m: unused variable: `payload_bytes`\u001b[0m\n  \u001b[1m\u001b[94m--> \u001b[0msrc/network.rs:10:9\n   \u001b[1m\u001b[94m|\u001b[0m\n\u001b[1m\u001b[94m10\u001b[0m \u001b[1m\u001b[94m|\u001b[0m     let payload_bytes = envelope.payload.to_string().as_bytes().to_vec();\n   \u001b[1m\u001b[94m|\u001b[0m         \u001b[1m\u001b[33m^^^^^^^^^^^^^\u001b[0m \u001b[1m\u001b[33mhelp: if this is intentional, prefix it with an underscore: `_payload_bytes`\u001b[0m\n   \u001b[1m\u001b[94m|\u001b[0m\n   \u001b[1m\u001b[94m= \u001b[0m\u001b[1mnote\u001b[0m: `#[warn(unused_variables)]` (part of `#[warn(unused)]`) on by default\n\n"}
{"$message_type":"diagnostic","message":"aborting due to 8 previous errors; 3 warnings emitted","code":null,"level":"error","spans":[],"children":[],"rendered":"\u001b[1m\u001b[91merror\u001b[0m\u001b[1m: aborting due to 8 previous errors; 3 warnings emitted\u001b[0m\n\n"}
{"$message_type":"diagnostic","message":"Some errors have detailed explanations: E0277, E0282, E0433, E0599.","code":null,"level":"failure-note","spans":[],"children":[],"rendered":"\u001b[1mSome errors have detailed explanations: E0277, E0282, E0433, E0599.\u001b[0m\n"}
{"$message_type":"diagnostic","message":"For more information about an error, try `rustc --explain E0277`.","code":null,"level":"failure-note","spans":[],"children":[],"rendered":"\u001b[1mFor more information about an error, try `rustc --explain E0277`.\u001b[0m\n"}
